<?xml version="1.0" encoding="UTF-8"?>
<!-- Generated by org.testng.reporters.JUnitXMLReporter -->
<testsuite hostname="DESKTOP-0PLIB3S" ignored="0" name="Test" tests="1" failures="0" timestamp="02 Jan 2018 12:12:36 GMT" time="0.043" errors="0">
  <testcase name="@BeforeTest setUp" time="0.0" classname="test.java.msft.testcases.LoginTestCases">
    <failure type="org.testng.TestNGException" message="
Parameter &amp;apos;browser&amp;apos; is required by BeforeTest on method setUp but has not been marked @Optional or defined
in C:\Users\Mahesh\eclipse-workspace\MicroSoft\testng.xml">
      <![CDATA[org.testng.TestNGException: 
Parameter 'browser' is required by BeforeTest on method setUp but has not been marked @Optional or defined
in C:\Users\Mahesh\eclipse-workspace\MicroSoft\testng.xml
... Removed 20 stack frames]]>
    </failure>
  </testcase> <!-- @BeforeTest setUp -->
  <testcase name="@BeforeMethod setUp" time="0.0" classname="test.java.msft.testcases.LoginTestCases">
    <skipped/>
  </testcase> <!-- @BeforeMethod setUp -->
  <testcase name="testClickondiversity" time="0.001" classname="test.java.msft.testcases.LoginTestCases">
    <skipped/>
  </testcase> <!-- testClickondiversity -->
</testsuite> <!-- Test -->
