<?xml version="1.0" encoding="UTF-8"?>
<testng-results skipped="0" failed="1" total="1" passed="0">
  <reporter-output>
  </reporter-output>
  <suite name="MicroSoftTestCases" duration-ms="90474" started-at="2018-03-19T11:03:21Z" finished-at="2018-03-19T11:04:51Z">
    <groups>
    </groups>
    <test name=" ProfileTest" duration-ms="90474" started-at="2018-03-19T11:03:21Z" finished-at="2018-03-19T11:04:51Z">
      <class name="test.java.msft.testcases.ProfileTestCases">
        <test-method status="PASS" signature="setUp(java.lang.String)[pri:0, instance:test.java.msft.testcases.ProfileTestCases@2d928643]" name="setUp" is-config="true" duration-ms="10314" started-at="2018-03-19T16:33:21Z" finished-at="2018-03-19T16:33:31Z">
          <params>
            <param index="0">
              <value>
                <![CDATA[firefox]]>
              </value>
            </param>
          </params>
          <reporter-output>
          </reporter-output>
        </test-method> <!-- setUp -->
        <test-method status="PASS" signature="setUp(java.lang.String)[pri:0, instance:test.java.msft.testcases.ProfileTestCases@2d928643]" name="setUp" is-config="true" duration-ms="12665" started-at="2018-03-19T16:33:31Z" finished-at="2018-03-19T16:33:44Z">
          <params>
            <param index="0">
              <value>
                <![CDATA[firefox]]>
              </value>
            </param>
          </params>
          <reporter-output>
          </reporter-output>
        </test-method> <!-- setUp -->
        <test-method status="FAIL" signature="testUpdatecontactinformationdetails()[pri:0, instance:test.java.msft.testcases.ProfileTestCases@2d928643]" name="testUpdatecontactinformationdetails" duration-ms="67478" started-at="2018-03-19T16:33:44Z" description="TC#2 Update Contact Information details in profile page" finished-at="2018-03-19T16:34:51Z">
          <exception class="java.lang.AssertionError">
            <message>
              <![CDATA[expected [null] but found [org.openqa.selenium.NoSuchElementException: Cannot locate element with text: option[14]
For documentation on this error, please visit: http://seleniumhq.org/exceptions/no_such_element.html
Build info: version: '2.52.0', revision: '4c2593cfc3689a7fcd7be52549167e5ccc93ad28', time: '2016-02-11 11:22:43'
System info: host: 'DESKTOP-0PLIB3S', ip: '192.168.30.230', os.name: 'Windows 10', os.arch: 'amd64', os.version: '10.0', java.version: '1.8.0_151'
Driver info: driver.version: unknown]]]>
            </message>
            <full-stacktrace>
              <![CDATA[java.lang.AssertionError: expected [null] but found [org.openqa.selenium.NoSuchElementException: Cannot locate element with text: option[14]
For documentation on this error, please visit: http://seleniumhq.org/exceptions/no_such_element.html
Build info: version: '2.52.0', revision: '4c2593cfc3689a7fcd7be52549167e5ccc93ad28', time: '2016-02-11 11:22:43'
System info: host: 'DESKTOP-0PLIB3S', ip: '192.168.30.230', os.name: 'Windows 10', os.arch: 'amd64', os.version: '10.0', java.version: '1.8.0_151'
Driver info: driver.version: unknown]
	at org.testng.Assert.fail(Assert.java:94)
	at org.testng.Assert.failNotSame(Assert.java:490)
	at org.testng.Assert.assertNull(Assert.java:426)
	at org.testng.Assert.assertNull(Assert.java:415)
	at main.java.com.msft.CommonLibrary.dropdown(CommonLibrary.java:304)
	at main.java.com.msft.Profilepage.Updatecontactinformationdetails(Profilepage.java:554)
	at test.java.msft.testcases.ProfileTestCases.testUpdatecontactinformationdetails(ProfileTestCases.java:68)
	at sun.reflect.NativeMethodAccessorImpl.invoke0(Native Method)
	at sun.reflect.NativeMethodAccessorImpl.invoke(NativeMethodAccessorImpl.java:62)
	at sun.reflect.DelegatingMethodAccessorImpl.invoke(DelegatingMethodAccessorImpl.java:43)
	at java.lang.reflect.Method.invoke(Method.java:498)
	at org.testng.internal.MethodInvocationHelper.invokeMethod(MethodInvocationHelper.java:85)
	at org.testng.internal.Invoker.invokeMethod(Invoker.java:696)
	at org.testng.internal.Invoker.invokeTestMethod(Invoker.java:882)
	at org.testng.internal.Invoker.invokeTestMethods(Invoker.java:1189)
	at org.testng.internal.TestMethodWorker.invokeTestMethods(TestMethodWorker.java:124)
	at org.testng.internal.TestMethodWorker.run(TestMethodWorker.java:108)
	at org.testng.TestRunner.privateRun(TestRunner.java:767)
	at org.testng.TestRunner.run(TestRunner.java:617)
	at org.testng.SuiteRunner.runTest(SuiteRunner.java:348)
	at org.testng.SuiteRunner.runSequentially(SuiteRunner.java:343)
	at org.testng.SuiteRunner.privateRun(SuiteRunner.java:305)
	at org.testng.SuiteRunner.run(SuiteRunner.java:254)
	at org.testng.SuiteRunnerWorker.runSuite(SuiteRunnerWorker.java:52)
	at org.testng.SuiteRunnerWorker.run(SuiteRunnerWorker.java:86)
	at org.testng.TestNG.runSuitesSequentially(TestNG.java:1224)
	at org.testng.TestNG.runSuitesLocally(TestNG.java:1149)
	at org.testng.TestNG.run(TestNG.java:1057)
	at org.testng.remote.AbstractRemoteTestNG.run(AbstractRemoteTestNG.java:114)
	at org.testng.remote.RemoteTestNG.initAndRun(RemoteTestNG.java:251)
	at org.testng.remote.RemoteTestNG.main(RemoteTestNG.java:77)
]]>
            </full-stacktrace>
          </exception> <!-- java.lang.AssertionError -->
          <reporter-output>
          </reporter-output>
        </test-method> <!-- testUpdatecontactinformationdetails -->
      </class> <!-- test.java.msft.testcases.ProfileTestCases -->
    </test> <!--  ProfileTest -->
  </suite> <!-- MicroSoftTestCases -->
</testng-results>
